#
# There is insufficient memory for the Java Runtime Environment to continue.
# Native memory allocation (mmap) failed to map 268435456 bytes for Failed to commit area from 0x0000000701e00000 to 0x0000000711e00000 of length 268435456.
# Possible reasons:
#   The system is out of physical RAM or swap space
#   The process is running with CompressedOops enabled, and the Java Heap may be blocking the growth of the native heap
# Possible solutions:
#   Reduce memory load on the system
#   Increase physical memory or swap space
#   Check if swap backing store is full
#   Decrease Java heap size (-Xmx/-Xms)
#   Decrease number of Java threads
#   Decrease Java thread stack sizes (-Xss)
#   Set larger code cache with -XX:ReservedCodeCacheSize=
# This output file may be truncated or incomplete.
#
#  Out of Memory Error (./src/hotspot/os/windows/os_windows.cpp:3301), pid=34876, tid=18020
#
# JRE version:  (11.0.11+9) (build )
# Java VM: OpenJDK 64-Bit Server VM (11.0.11+9-b1341.60, mixed mode, sharing, tiered, compressed oops, g1 gc, windows-amd64)
# No core dump will be written. Minidumps are not enabled by default on client versions of Windows
#

---------------  S U M M A R Y ------------

Command Line: org.jetbrains.git4idea.http.GitAskPassApp Username for 'https://gitlab.eduxiji.net': 

Host: Intel(R) Core(TM) i7-10750H CPU @ 2.60GHz, 12 cores, 15G,  Windows 10 , 64 bit Build 19041 (10.0.19041.1151)
Time: Sat Aug  7 22:47:21 2021 中国标准时间 elapsed time: 0.010521 seconds (0d 0h 0m 0s)

---------------  T H R E A D  ---------------

Current thread (0x000001c54dced800):  JavaThread "Unknown thread" [_thread_in_vm, id=18020, stack(0x0000002265000000,0x0000002265100000)]

Stack: [0x0000002265000000,0x0000002265100000]
Native frames: (J=compiled Java code, j=interpreted, Vv=VM code, C=native code)
V  [jvm.dll+0x5f5c8a]
V  [jvm.dll+0x779405]
V  [jvm.dll+0x77aa1d]
V  [jvm.dll+0x77b0d3]
V  [jvm.dll+0x244bc8]
V  [jvm.dll+0x5f3084]
V  [jvm.dll+0x5e7fe5]
V  [jvm.dll+0x30098b]
V  [jvm.dll+0x3008fa]
V  [jvm.dll+0x3007d2]
V  [jvm.dll+0x3056b6]
V  [jvm.dll+0x34e353]
V  [jvm.dll+0x34ea56]
V  [jvm.dll+0x34e453]
V  [jvm.dll+0x2db398]
V  [jvm.dll+0x2dc547]
V  [jvm.dll+0x757bf7]
V  [jvm.dll+0x7593ec]
V  [jvm.dll+0x35b8d9]
V  [jvm.dll+0x73b38e]
V  [jvm.dll+0x3c3cc3]
V  [jvm.dll+0x3c60e1]
C  [jli.dll+0x5373]
C  [ucrtbase.dll+0x21bb2]
C  [KERNEL32.DLL+0x17034]
C  [ntdll.dll+0x52651]


---------------  P R O C E S S  ---------------

Threads class SMR info:
_java_thread_list=0x000001c54ba81e70, length=0, elements={
}

Java Threads: ( => current thread )

Other Threads:
  0x000001c54dd06800 GCTaskThread "GC Thread#0" [stack: 0x0000002265100000,0x0000002265200000] [id=36008]
  0x000001c54dd66800 ConcurrentGCThread "G1 Main Marker" [stack: 0x0000002265200000,0x0000002265300000] [id=5372]
  0x000001c54dd68800 ConcurrentGCThread "G1 Conc#0" [stack: 0x0000002265300000,0x0000002265400000] [id=8072]

[error occurred during error reporting (printing all threads), id 0xc0000005, EXCEPTION_ACCESS_VIOLATION (0xc0000005) at pc=0x00007ffbb638b9f7]

VM state:not at safepoint (not fully initialized)

VM Mutex/Monitor currently owned by a thread:  ([mutex/lock_event])
[0x000001c54dce9700] Heap_lock - owner thread: 0x000001c54dced800

Heap address: 0x0000000701e00000, size: 4066 MB, Compressed Oops mode: Non-zero based: 0x0000000701e00000
Narrow klass base: 0x0000000000000000, Narrow klass shift: 0

GC Heap History (0 events):
No events

Deoptimization events (0 events):
No events

Classes redefined (0 events):
No events

Internal exceptions (0 events):
No events

Events (1 events):
Event: 0.007 Loaded shared library D:\Program Files\JetBrains\CLion 2021.1.3\jbr\bin\zip.dll


Dynamic libraries:
0x00007ff6ba610000 - 0x00007ff6ba61a000 	D:\Program Files\JetBrains\CLion 2021.1.3\jbr\bin\java.exe
0x00007ffc35530000 - 0x00007ffc35725000 	C:\Windows\SYSTEM32\ntdll.dll
0x00007ffc345c0000 - 0x00007ffc3467d000 	C:\Windows\System32\KERNEL32.DLL
0x00007ffc33260000 - 0x00007ffc33529000 	C:\Windows\System32\KERNELBASE.dll
0x00007ffc32f00000 - 0x00007ffc33000000 	C:\Windows\System32\ucrtbase.dll
0x00007ffc17290000 - 0x00007ffc172a9000 	D:\Program Files\JetBrains\CLion 2021.1.3\jbr\bin\jli.dll
0x00007ffc18130000 - 0x00007ffc18147000 	D:\Program Files\JetBrains\CLion 2021.1.3\jbr\bin\VCRUNTIME140.dll
0x00007ffc34f50000 - 0x00007ffc350f0000 	C:\Windows\System32\USER32.dll
0x00007ffc1e500000 - 0x00007ffc1e79a000 	C:\Windows\WinSxS\amd64_microsoft.windows.common-controls_6595b64144ccf1df_6.0.19041.1110_none_60b5254171f9507e\COMCTL32.dll
0x00007ffc33230000 - 0x00007ffc33252000 	C:\Windows\System32\win32u.dll
0x00007ffc352c0000 - 0x00007ffc3535e000 	C:\Windows\System32\msvcrt.dll
0x00007ffc348f0000 - 0x00007ffc3491a000 	C:\Windows\System32\GDI32.dll
0x00007ffc330d0000 - 0x00007ffc331db000 	C:\Windows\System32\gdi32full.dll
0x00007ffc33030000 - 0x00007ffc330cd000 	C:\Windows\System32\msvcp_win.dll
0x00007ffc33590000 - 0x00007ffc335c0000 	C:\Windows\System32\IMM32.DLL
0x00007ffc02ea0000 - 0x00007ffc02f3d000 	D:\Program Files\JetBrains\CLion 2021.1.3\jbr\bin\msvcp140.dll
0x00007ffbb60a0000 - 0x00007ffbb6be9000 	D:\Program Files\JetBrains\CLion 2021.1.3\jbr\bin\server\jvm.dll
0x00007ffc350f0000 - 0x00007ffc3519c000 	C:\Windows\System32\ADVAPI32.dll
0x00007ffc33770000 - 0x00007ffc3380b000 	C:\Windows\System32\sechost.dll
0x00007ffc33640000 - 0x00007ffc3376a000 	C:\Windows\System32\RPCRT4.dll
0x00007ffc34780000 - 0x00007ffc34788000 	C:\Windows\System32\PSAPI.DLL
0x00007ffc224a0000 - 0x00007ffc224c7000 	C:\Windows\SYSTEM32\WINMM.dll
0x00007ffc2d100000 - 0x00007ffc2d10a000 	C:\Windows\SYSTEM32\VERSION.dll
0x00007ffc04250000 - 0x00007ffc04259000 	C:\Windows\SYSTEM32\WSOCK32.dll
0x00007ffc34710000 - 0x00007ffc3477b000 	C:\Windows\System32\WS2_32.dll
0x00007ffc31540000 - 0x00007ffc31552000 	C:\Windows\SYSTEM32\kernel.appcore.dll
0x00007ffc2a8a0000 - 0x00007ffc2a8b1000 	D:\Program Files\JetBrains\CLion 2021.1.3\jbr\bin\verify.dll
0x00007ffc30b40000 - 0x00007ffc30d24000 	C:\Windows\SYSTEM32\DBGHELP.DLL
0x00007ffc2a760000 - 0x00007ffc2a78c000 	C:\Windows\SYSTEM32\dbgcore.DLL
0x00007ffc32c60000 - 0x00007ffc32ce3000 	C:\Windows\System32\bcryptPrimitives.dll
0x00007ffc1ba50000 - 0x00007ffc1ba79000 	D:\Program Files\JetBrains\CLion 2021.1.3\jbr\bin\java.dll
0x00007ffc29b10000 - 0x00007ffc29b1b000 	D:\Program Files\JetBrains\CLion 2021.1.3\jbr\bin\jimage.dll
0x00007ffc202d0000 - 0x00007ffc202e8000 	D:\Program Files\JetBrains\CLion 2021.1.3\jbr\bin\zip.dll

dbghelp: loaded successfully - version: 4.0.5 - missing functions: none
symbol engine: initialized successfully - sym options: 0x614 - pdb path: .;D:\Program Files\JetBrains\CLion 2021.1.3\jbr\bin;C:\Windows\SYSTEM32;C:\Windows\WinSxS\amd64_microsoft.windows.common-controls_6595b64144ccf1df_6.0.19041.1110_none_60b5254171f9507e;D:\Program Files\JetBrains\CLion 2021.1.3\jbr\bin\server

VM Arguments:
java_command: org.jetbrains.git4idea.http.GitAskPassApp Username for 'https://gitlab.eduxiji.net': 
java_class_path (initial): D:/Program Files/JetBrains/CLion 2021.1.3/plugins/git4idea/lib/git4idea-rt.jar;D:/Program Files/JetBrains/CLion 2021.1.3/lib/xmlrpc-2.0.1.jar;D:/Program Files/JetBrains/CLion 2021.1.3/lib/commons-codec-1.15.jar
Launcher Type: SUN_STANDARD

[Global flags]
     intx CICompilerCount                          = 4                                         {product} {ergonomic}
     uint ConcGCThreads                            = 3                                         {product} {ergonomic}
     uint G1ConcRefinementThreads                  = 10                                        {product} {ergonomic}
   size_t G1HeapRegionSize                         = 1048576                                   {product} {ergonomic}
    uintx GCDrainStackTargetSize                   = 64                                        {product} {ergonomic}
   size_t InitialHeapSize                          = 268435456                                 {product} {ergonomic}
   size_t MarkStackSize                            = 4194304                                   {product} {ergonomic}
   size_t MaxHeapSize                              = 4263510016                                {product} {ergonomic}
   size_t MinHeapDeltaBytes                        = 1048576                                   {product} {ergonomic}
    uintx NonNMethodCodeHeapSize                   = 5836300                                {pd product} {ergonomic}
    uintx NonProfiledCodeHeapSize                  = 122910970                              {pd product} {ergonomic}
    uintx ProfiledCodeHeapSize                     = 122910970                              {pd product} {ergonomic}
    uintx ReservedCodeCacheSize                    = 251658240                              {pd product} {ergonomic}
     bool SegmentedCodeCache                       = true                                      {product} {ergonomic}
     bool UseCompressedClassPointers               = true                                 {lp64_product} {ergonomic}
     bool UseCompressedOops                        = true                                 {lp64_product} {ergonomic}
     bool UseG1GC                                  = true                                      {product} {ergonomic}
     bool UseLargePagesIndividualAllocation        = false                                  {pd product} {ergonomic}

Logging:
Log output configuration:
 #0: stdout all=warning uptime,level,tags
 #1: stderr all=off uptime,level,tags

Environment Variables:
JAVA_HOME=D:\Program File\Oracle
PATH=D:\Program Files\Git\mingw64\libexec\git-core;D:\Program Files\Git\mingw64\libexec\git-core;D:\Program Files\Git\mingw64\bin;D:\Program Files\Git\usr\bin;C:\Users\zakia\bin;D:\Program File\Oracle\bin;D:\Program File\jre1.8.0_291\bin;D:\Program File\AdoptOpenJDK\jdk-16.0.1.9-hotspot\bin;C:\Program Files\Common Files\Oracle\Java\javapath;C:\Program Files (x86)\Common Files\Oracle\Java\javapath;D:\Program Files\AdoptOpenJDK\jdk-11.0.11.9-hotspot\bin;C:\Program Files (x86)\Common Files\Intel\Shared Libraries\redist\intel64\compiler;C:\Windows\system32;C:\Windows;C:\Windows\System32\Wbem;C:\Windows\System32\WindowsPowerShell\v1.0;C:\Windows\System32\OpenSSH;C:\Program Files (x86)\NVIDIA Corporation\PhysX\Common;C:\Program Files\NVIDIA Corporation\NVIDIA NvDLISR;C:\Program Files\Common Files\Autodesk Shared;C:\Program Files\Microsoft SQL Server\120\Tools\Binn;D:\Program Files\Polyspace\R2020a\runtime\win64;D:\Program Files\Polyspace\R2020a\bin;D:\Program Files\Polyspace\R2020a\polyspace\bin;D:\Program Files\Git\cmd;%QUARTUS_ROOTDIR%\bin;D:\Program Files (x86)\Vivo\EasyShare\x86;D:\Program Files (x86)\Vivo\EasyShare\x64;C:\Program Files\Pandoc;D:\Program File\MAVEN\apache-maven-3.8.1\bin;D:\Programs\Python\Python39\Scripts;D:\Programs\Python\Python39;C:\Users\zakia\AppData\Local\Microsoft\WindowsApps;C:\Program Files\Bandizip;D:\Programs\Microsoft VS Code\bin;D:\Program Files\mingw-w64\x86_64-8.1.0-win32-seh-rt_v6-rev0\mingw64\bin;F:\TexLive\texlive\2021\bin\win32;D:\Program Files\Git\;D:\Programs\Python\Python39\Lib;D:\Xilinx\Vivado\2019.2\bin;D:\Program Files\AdoptOpenJDK\jdk-11.0.11.9-hotspot\bin;F:\TexLive\texlive\2021\bin\win32;D:\Program Files\JetBrains\IntelliJ IDEA Community Edition 2021.1.3\bin;D:\Program Files\JetBrains\CLion 2021.1.3\bin
USERNAME=zakia
DISPLAY=:0.0
LC_ALL=en_US.UTF-8
OS=Windows_NT
PROCESSOR_IDENTIFIER=Intel64 Family 6 Model 165 Stepping 2, GenuineIntel



---------------  S Y S T E M  ---------------

OS: Windows 10 , 64 bit Build 19041 (10.0.19041.1151)
OS uptime: 5 days 15:56 hours

CPU:total 12 (initial active 12) (6 cores per cpu, 2 threads per core) family 6 model 165 stepping 2 microcode 0xe0, cmov, cx8, fxsr, mmx, sse, sse2, sse3, ssse3, sse4.1, sse4.2, popcnt, avx, avx2, aes, clmul, erms, 3dnowpref, lzcnt, ht, tsc, tscinvbit, bmi1, bmi2, adx, fma

Memory: 4k page, system-wide physical 16257M (1395M free)
TotalPageFile size 31617M (AvailPageFile size 17M)
current process WorkingSet (physical memory assigned to process): 10M, peak: 10M
current process commit charge ("private bytes"): 64M, peak: 320M

vm_info: OpenJDK 64-Bit Server VM (11.0.11+9-b1341.60) for windows-amd64 JRE (11.0.11+9-b1341.60), built on Jun  4 2021 08:17:54 by "" with MS VC++ 14.0 (VS2015)

END.
